[2025-01-11 14:30:00] PAGINATION AUDIT REPORT
=====================================

## DANGEROUS PAGINATION FUNCTIONS FOUND:

1. **checkForPageBreak()** (line 6499)
   - Status: FUNCTION EXISTS but NO ACTIVE CALLS FOUND
   - Contains calls to:
     - removeExtraPages() (line 6529)
     - redistributeContent() (line 6532)
   - Previously called from editor input handler (line 8612) - NOW COMMENTED OUT

2. **simplePaginate()** (line 6396)
   - Status: FUNCTION EXISTS but NO ACTIVE CALLS FOUND
   - Previously called from loadDocument (line 2656) - NOW COMMENTED OUT
   - Contains recursive calls to paginateFromEditor()

3. **redistributeContent()** (line 6629)
   - Status: FUNCTION EXISTS but ONLY CALLED FROM checkForPageBreak()
   - Dangerous: Manipulates DOM directly

4. **removeExtraPages()** (line 6558)
   - Status: FUNCTION EXISTS but ONLY CALLED FROM checkForPageBreak()
   - Dangerous: Removes page elements from DOM

5. **paginateFromEditor()** (line 6466)
   - Status: FUNCTION EXISTS but ONLY CALLED FROM simplePaginate()
   - Contains recursive calls to itself

## PAGINATION VARIABLES:

1. **isPaginating** 
   - Found in app.js (lines 6501, 6506, 6534)
   - Also in PaginationEngine.js (lines 42, 303, 308, 366)
   - Used as a guard to prevent concurrent pagination

2. **paginationTimeout**
   - Found only in PaginationEngine.js (lines 733, 735, 736)
   - Used for debouncing in the safe pagination system

3. **paginationEnabled** (line 489)
   - Controls whether safe pagination is active
   - Toggled by user button

## SAFE PAGINATION SYSTEM:

1. **PaginationEngine.js** module
   - Loaded at line 10
   - Initialized at line 6296
   - Uses state-based approach without direct DOM manipulation
   - Has proper transaction and rollback support

2. **Pagination Controls**
   - Toggle button added at line 6314
   - Enables/disables safe pagination only
   - Does NOT trigger dangerous functions

## CSS CONCERNS:

1. **Editor has overflow:hidden** (line 89 in styles.css)
   - This forces content to be hidden if it exceeds page height
   - Combined with fixed height: calc(297mm - 50mm)
   - Could cause content loss if pagination fails

## CONCLUSIONS:

1. All dangerous pagination functions (checkForPageBreak, simplePaginate, etc.) still exist in the code but have NO ACTIVE CALLS
2. The two main entry points are disabled:
   - loadDocument pagination call (line 2656) - COMMENTED OUT
   - editor input handler pagination call (line 8612) - COMMENTED OUT
3. The safe PaginationEngine is the only active pagination system
4. No event listeners or timeouts call the dangerous functions
5. The dangerous functions only call each other internally

## RECOMMENDATIONS:

1. Consider removing the dangerous pagination functions entirely since they're not called
2. Remove or modify the overflow:hidden CSS on the editor to prevent content loss
3. The current state appears safe - dangerous pagination paths are properly disabled

Status: AUDIT COMPLETE - All dangerous pagination paths confirmed disabled